<?xml version="1.0" encoding="UTF-8"?>
<!-- Generated by org.testng.reporters.JUnitReportReporter -->
<testsuite skipped="0" hostname="DELL-PC" name="rough.NewTest" tests="1" failures="0" timestamp="27 Nov 2016 10:16:13 GMT" time="61.927" errors="0">
  <testcase name="sTest" time="61.927" classname="rough.NewTest"/>
</testsuite> <!-- rough.NewTest -->
